mode: set
github.com/SamBridgess/homomorphicEncryption/bfvMath/bfv_math.go:17.81,20.16 3 0
github.com/SamBridgess/homomorphicEncryption/bfvMath/bfv_math.go:20.16,22.3 1 0
github.com/SamBridgess/homomorphicEncryption/bfvMath/bfv_math.go:23.2,23.24 1 0
github.com/SamBridgess/homomorphicEncryption/bfvMath/bfv_math.go:28.76,31.16 3 0
github.com/SamBridgess/homomorphicEncryption/bfvMath/bfv_math.go:31.16,33.3 1 0
github.com/SamBridgess/homomorphicEncryption/bfvMath/bfv_math.go:34.2,34.57 1 0
github.com/SamBridgess/homomorphicEncryption/bfvMath/bfv_math.go:39.82,41.16 2 0
github.com/SamBridgess/homomorphicEncryption/bfvMath/bfv_math.go:41.16,43.3 1 0
github.com/SamBridgess/homomorphicEncryption/bfvMath/bfv_math.go:45.2,45.73 1 0
github.com/SamBridgess/homomorphicEncryption/bfvMath/bfv_math.go:50.71,52.16 2 0
github.com/SamBridgess/homomorphicEncryption/bfvMath/bfv_math.go:52.16,54.3 1 0
github.com/SamBridgess/homomorphicEncryption/bfvMath/bfv_math.go:56.2,57.16 2 0
github.com/SamBridgess/homomorphicEncryption/bfvMath/bfv_math.go:57.16,59.3 1 0
github.com/SamBridgess/homomorphicEncryption/bfvMath/bfv_math.go:61.2,61.69 1 0
github.com/SamBridgess/homomorphicEncryption/bfvMath/bfv_math.go:66.76,68.16 2 0
github.com/SamBridgess/homomorphicEncryption/bfvMath/bfv_math.go:68.16,70.3 1 0
github.com/SamBridgess/homomorphicEncryption/bfvMath/bfv_math.go:72.2,73.16 2 0
github.com/SamBridgess/homomorphicEncryption/bfvMath/bfv_math.go:73.16,75.3 1 0
github.com/SamBridgess/homomorphicEncryption/bfvMath/bfv_math.go:77.2,77.69 1 0
github.com/SamBridgess/homomorphicEncryption/bfvMath/bfv_math.go:82.72,84.16 2 0
github.com/SamBridgess/homomorphicEncryption/bfvMath/bfv_math.go:84.16,86.3 1 0
github.com/SamBridgess/homomorphicEncryption/bfvMath/bfv_math.go:88.2,89.16 2 0
github.com/SamBridgess/homomorphicEncryption/bfvMath/bfv_math.go:89.16,91.3 1 0
github.com/SamBridgess/homomorphicEncryption/bfvMath/bfv_math.go:93.2,93.69 1 0
github.com/SamBridgess/homomorphicEncryption/bfvMath/bfv_math_highlevel.go:11.60,12.34 1 0
github.com/SamBridgess/homomorphicEncryption/bfvMath/bfv_math_highlevel.go:12.34,14.3 1 0
github.com/SamBridgess/homomorphicEncryption/bfvMath/bfv_math_highlevel.go:16.2,17.16 2 0
github.com/SamBridgess/homomorphicEncryption/bfvMath/bfv_math_highlevel.go:17.16,19.3 1 0
github.com/SamBridgess/homomorphicEncryption/bfvMath/bfv_math_highlevel.go:21.2,21.51 1 0
github.com/SamBridgess/homomorphicEncryption/bfvMath/bfv_math_highlevel.go:21.51,27.17 4 0
github.com/SamBridgess/homomorphicEncryption/bfvMath/bfv_math_highlevel.go:27.17,29.4 1 0
github.com/SamBridgess/homomorphicEncryption/bfvMath/bfv_math_highlevel.go:32.2,32.38 1 0
github.com/SamBridgess/homomorphicEncryption/ckksMath/ckks_math.go:18.82,21.16 3 0
github.com/SamBridgess/homomorphicEncryption/ckksMath/ckks_math.go:21.16,23.3 1 0
github.com/SamBridgess/homomorphicEncryption/ckksMath/ckks_math.go:24.2,24.24 1 0
github.com/SamBridgess/homomorphicEncryption/ckksMath/ckks_math.go:29.77,31.16 2 0
github.com/SamBridgess/homomorphicEncryption/ckksMath/ckks_math.go:31.16,33.3 1 0
github.com/SamBridgess/homomorphicEncryption/ckksMath/ckks_math.go:34.2,34.58 1 0
github.com/SamBridgess/homomorphicEncryption/ckksMath/ckks_math.go:39.71,41.16 2 0
github.com/SamBridgess/homomorphicEncryption/ckksMath/ckks_math.go:41.16,43.3 1 0
github.com/SamBridgess/homomorphicEncryption/ckksMath/ckks_math.go:45.2,45.72 1 0
github.com/SamBridgess/homomorphicEncryption/ckksMath/ckks_math.go:50.76,52.16 2 0
github.com/SamBridgess/homomorphicEncryption/ckksMath/ckks_math.go:52.16,54.3 1 0
github.com/SamBridgess/homomorphicEncryption/ckksMath/ckks_math.go:56.2,56.73 1 0
github.com/SamBridgess/homomorphicEncryption/ckksMath/ckks_math.go:61.75,63.16 2 0
github.com/SamBridgess/homomorphicEncryption/ckksMath/ckks_math.go:63.16,65.3 1 0
github.com/SamBridgess/homomorphicEncryption/ckksMath/ckks_math.go:67.2,67.76 1 0
github.com/SamBridgess/homomorphicEncryption/ckksMath/ckks_math.go:73.93,75.16 2 0
github.com/SamBridgess/homomorphicEncryption/ckksMath/ckks_math.go:75.16,77.3 1 0
github.com/SamBridgess/homomorphicEncryption/ckksMath/ckks_math.go:79.2,79.91 1 0
github.com/SamBridgess/homomorphicEncryption/ckksMath/ckks_math.go:84.71,86.16 2 0
github.com/SamBridgess/homomorphicEncryption/ckksMath/ckks_math.go:86.16,88.3 1 0
github.com/SamBridgess/homomorphicEncryption/ckksMath/ckks_math.go:90.2,91.16 2 0
github.com/SamBridgess/homomorphicEncryption/ckksMath/ckks_math.go:91.16,93.3 1 0
github.com/SamBridgess/homomorphicEncryption/ckksMath/ckks_math.go:95.2,95.70 1 0
github.com/SamBridgess/homomorphicEncryption/ckksMath/ckks_math.go:100.76,102.16 2 0
github.com/SamBridgess/homomorphicEncryption/ckksMath/ckks_math.go:102.16,104.3 1 0
github.com/SamBridgess/homomorphicEncryption/ckksMath/ckks_math.go:106.2,107.16 2 0
github.com/SamBridgess/homomorphicEncryption/ckksMath/ckks_math.go:107.16,109.3 1 0
github.com/SamBridgess/homomorphicEncryption/ckksMath/ckks_math.go:111.2,111.70 1 0
github.com/SamBridgess/homomorphicEncryption/ckksMath/ckks_math.go:116.72,118.16 2 0
github.com/SamBridgess/homomorphicEncryption/ckksMath/ckks_math.go:118.16,120.3 1 0
github.com/SamBridgess/homomorphicEncryption/ckksMath/ckks_math.go:122.2,123.16 2 0
github.com/SamBridgess/homomorphicEncryption/ckksMath/ckks_math.go:123.16,125.3 1 0
github.com/SamBridgess/homomorphicEncryption/ckksMath/ckks_math.go:127.2,127.70 1 0
github.com/SamBridgess/homomorphicEncryption/ckksMath/ckks_math.go:132.49,134.16 2 0
github.com/SamBridgess/homomorphicEncryption/ckksMath/ckks_math.go:134.16,136.3 1 0
github.com/SamBridgess/homomorphicEncryption/ckksMath/ckks_math.go:138.2,138.69 1 0
github.com/SamBridgess/homomorphicEncryption/ckksMath/ckks_math_highlevel.go:13.60,14.34 1 0
github.com/SamBridgess/homomorphicEncryption/ckksMath/ckks_math_highlevel.go:14.34,16.3 1 0
github.com/SamBridgess/homomorphicEncryption/ckksMath/ckks_math_highlevel.go:18.2,19.16 2 0
github.com/SamBridgess/homomorphicEncryption/ckksMath/ckks_math_highlevel.go:19.16,21.3 1 0
github.com/SamBridgess/homomorphicEncryption/ckksMath/ckks_math_highlevel.go:23.2,23.51 1 0
github.com/SamBridgess/homomorphicEncryption/ckksMath/ckks_math_highlevel.go:23.51,25.17 2 0
github.com/SamBridgess/homomorphicEncryption/ckksMath/ckks_math_highlevel.go:25.17,27.4 1 0
github.com/SamBridgess/homomorphicEncryption/ckksMath/ckks_math_highlevel.go:29.3,29.62 1 0
github.com/SamBridgess/homomorphicEncryption/ckksMath/ckks_math_highlevel.go:32.2,32.38 1 0
github.com/SamBridgess/homomorphicEncryption/ckksMath/ckks_math_highlevel.go:36.61,38.16 2 0
github.com/SamBridgess/homomorphicEncryption/ckksMath/ckks_math_highlevel.go:38.16,40.3 1 0
github.com/SamBridgess/homomorphicEncryption/ckksMath/ckks_math_highlevel.go:42.2,43.16 2 0
github.com/SamBridgess/homomorphicEncryption/ckksMath/ckks_math_highlevel.go:43.16,45.3 1 0
github.com/SamBridgess/homomorphicEncryption/ckksMath/ckks_math_highlevel.go:47.2,47.103 1 0
github.com/SamBridgess/homomorphicEncryption/ckksMath/ckks_math_highlevel.go:52.83,55.38 3 0
github.com/SamBridgess/homomorphicEncryption/ckksMath/ckks_math_highlevel.go:55.38,58.17 3 0
github.com/SamBridgess/homomorphicEncryption/ckksMath/ckks_math_highlevel.go:58.17,60.4 1 0
github.com/SamBridgess/homomorphicEncryption/ckksMath/ckks_math_highlevel.go:62.2,62.15 1 0
github.com/SamBridgess/homomorphicEncryption/ckksMath/ckks_math_highlevel.go:66.60,67.34 1 0
github.com/SamBridgess/homomorphicEncryption/ckksMath/ckks_math_highlevel.go:67.34,69.3 1 0
github.com/SamBridgess/homomorphicEncryption/ckksMath/ckks_math_highlevel.go:71.2,72.16 2 0
github.com/SamBridgess/homomorphicEncryption/ckksMath/ckks_math_highlevel.go:72.16,74.3 1 0
github.com/SamBridgess/homomorphicEncryption/ckksMath/ckks_math_highlevel.go:76.2,77.16 2 0
github.com/SamBridgess/homomorphicEncryption/ckksMath/ckks_math_highlevel.go:77.16,79.3 1 0
github.com/SamBridgess/homomorphicEncryption/ckksMath/ckks_math_highlevel.go:81.2,81.51 1 0
github.com/SamBridgess/homomorphicEncryption/ckksMath/ckks_math_highlevel.go:81.51,83.17 2 0
github.com/SamBridgess/homomorphicEncryption/ckksMath/ckks_math_highlevel.go:83.17,85.4 1 0
github.com/SamBridgess/homomorphicEncryption/ckksMath/ckks_math_highlevel.go:87.3,88.17 2 0
github.com/SamBridgess/homomorphicEncryption/ckksMath/ckks_math_highlevel.go:88.17,90.4 1 0
github.com/SamBridgess/homomorphicEncryption/ckksMath/ckks_math_highlevel.go:92.3,93.17 2 0
github.com/SamBridgess/homomorphicEncryption/ckksMath/ckks_math_highlevel.go:93.17,95.4 1 0
github.com/SamBridgess/homomorphicEncryption/ckksMath/ckks_math_highlevel.go:97.3,99.65 2 0
github.com/SamBridgess/homomorphicEncryption/ckksMath/ckks_math_highlevel.go:102.2,104.16 3 0
github.com/SamBridgess/homomorphicEncryption/ckksMath/ckks_math_highlevel.go:104.16,106.3 1 0
github.com/SamBridgess/homomorphicEncryption/ckksMath/ckks_math_highlevel.go:108.2,108.20 1 0
github.com/SamBridgess/homomorphicEncryption/ckksMath/ckks_math_highlevel.go:112.93,113.58 1 0
github.com/SamBridgess/homomorphicEncryption/ckksMath/ckks_math_highlevel.go:113.58,115.3 1 0
github.com/SamBridgess/homomorphicEncryption/ckksMath/ckks_math_highlevel.go:116.2,116.68 1 0
github.com/SamBridgess/homomorphicEncryption/ckksMath/ckks_math_highlevel.go:116.68,118.3 1 0
github.com/SamBridgess/homomorphicEncryption/ckksMath/ckks_math_highlevel.go:120.2,121.16 2 0
github.com/SamBridgess/homomorphicEncryption/ckksMath/ckks_math_highlevel.go:121.16,123.3 1 0
github.com/SamBridgess/homomorphicEncryption/ckksMath/ckks_math_highlevel.go:125.2,126.16 2 0
github.com/SamBridgess/homomorphicEncryption/ckksMath/ckks_math_highlevel.go:126.16,128.3 1 0
github.com/SamBridgess/homomorphicEncryption/ckksMath/ckks_math_highlevel.go:130.2,131.16 2 0
github.com/SamBridgess/homomorphicEncryption/ckksMath/ckks_math_highlevel.go:131.16,133.3 1 0
github.com/SamBridgess/homomorphicEncryption/ckksMath/ckks_math_highlevel.go:135.2,135.48 1 0
github.com/SamBridgess/homomorphicEncryption/ckksMath/ckks_math_highlevel.go:135.48,137.17 2 0
github.com/SamBridgess/homomorphicEncryption/ckksMath/ckks_math_highlevel.go:137.17,139.4 1 0
github.com/SamBridgess/homomorphicEncryption/ckksMath/ckks_math_highlevel.go:141.3,142.17 2 0
github.com/SamBridgess/homomorphicEncryption/ckksMath/ckks_math_highlevel.go:142.17,144.4 1 0
github.com/SamBridgess/homomorphicEncryption/ckksMath/ckks_math_highlevel.go:146.3,147.17 2 0
github.com/SamBridgess/homomorphicEncryption/ckksMath/ckks_math_highlevel.go:147.17,149.4 1 0
github.com/SamBridgess/homomorphicEncryption/ckksMath/ckks_math_highlevel.go:151.3,152.17 2 0
github.com/SamBridgess/homomorphicEncryption/ckksMath/ckks_math_highlevel.go:152.17,154.4 1 0
github.com/SamBridgess/homomorphicEncryption/ckksMath/ckks_math_highlevel.go:156.3,158.66 2 0
github.com/SamBridgess/homomorphicEncryption/ckksMath/ckks_math_highlevel.go:161.2,163.16 3 0
github.com/SamBridgess/homomorphicEncryption/ckksMath/ckks_math_highlevel.go:163.16,165.3 1 0
github.com/SamBridgess/homomorphicEncryption/ckksMath/ckks_math_highlevel.go:167.2,167.20 1 0
github.com/SamBridgess/homomorphicEncryption/ckksMath/ckks_math_highlevel.go:172.94,174.16 2 0
github.com/SamBridgess/homomorphicEncryption/ckksMath/ckks_math_highlevel.go:174.16,176.3 1 0
github.com/SamBridgess/homomorphicEncryption/ckksMath/ckks_math_highlevel.go:178.2,179.16 2 0
github.com/SamBridgess/homomorphicEncryption/ckksMath/ckks_math_highlevel.go:179.16,181.3 1 0
github.com/SamBridgess/homomorphicEncryption/ckksMath/ckks_math_highlevel.go:183.2,183.31 1 0
github.com/SamBridgess/homomorphicEncryption/ckksMath/ckks_math_highlevel.go:189.103,191.16 2 0
github.com/SamBridgess/homomorphicEncryption/ckksMath/ckks_math_highlevel.go:191.16,193.3 1 0
github.com/SamBridgess/homomorphicEncryption/ckksMath/ckks_math_highlevel.go:195.2,196.16 2 0
github.com/SamBridgess/homomorphicEncryption/ckksMath/ckks_math_highlevel.go:196.16,198.3 1 0
github.com/SamBridgess/homomorphicEncryption/ckksMath/ckks_math_highlevel.go:200.2,201.16 2 0
github.com/SamBridgess/homomorphicEncryption/ckksMath/ckks_math_highlevel.go:201.16,203.3 1 0
github.com/SamBridgess/homomorphicEncryption/ckksMath/ckks_math_highlevel.go:204.2,207.16 3 0
github.com/SamBridgess/homomorphicEncryption/ckksMath/ckks_math_highlevel.go:207.16,209.3 1 0
github.com/SamBridgess/homomorphicEncryption/ckksMath/ckks_math_highlevel.go:211.2,212.16 2 0
github.com/SamBridgess/homomorphicEncryption/ckksMath/ckks_math_highlevel.go:212.16,214.3 1 0
github.com/SamBridgess/homomorphicEncryption/ckksMath/ckks_math_highlevel.go:216.2,216.30 1 0
github.com/SamBridgess/homomorphicEncryption/bfv_encryption.go:8.45,18.2 6 0
github.com/SamBridgess/homomorphicEncryption/bfv_encryption.go:21.45,25.16 4 0
github.com/SamBridgess/homomorphicEncryption/bfv_encryption.go:25.16,27.3 1 0
github.com/SamBridgess/homomorphicEncryption/bfv_encryption.go:29.2,33.24 4 0
github.com/SamBridgess/homomorphicEncryption/ckks_encryption.go:8.48,17.2 6 0
github.com/SamBridgess/homomorphicEncryption/ckks_encryption.go:20.48,24.16 4 0
github.com/SamBridgess/homomorphicEncryption/ckks_encryption.go:24.16,26.3 1 0
github.com/SamBridgess/homomorphicEncryption/ckks_encryption.go:28.2,32.30 4 0
github.com/SamBridgess/homomorphicEncryption/db_connection.go:18.111,27.2 2 0
github.com/SamBridgess/homomorphicEncryption/db_connection.go:30.61,33.2 2 0
github.com/SamBridgess/homomorphicEncryption/keys_load.go:39.28,41.2 1 0
github.com/SamBridgess/homomorphicEncryption/keys_load.go:44.27,46.2 1 0
github.com/SamBridgess/homomorphicEncryption/keys_load.go:48.41,49.16 1 0
github.com/SamBridgess/homomorphicEncryption/keys_load.go:50.12,54.48 2 0
github.com/SamBridgess/homomorphicEncryption/keys_load.go:55.11,59.47 2 0
github.com/SamBridgess/homomorphicEncryption/keys_load.go:60.10,61.30 1 0
github.com/SamBridgess/homomorphicEncryption/keys_load.go:65.55,71.2 2 0
github.com/SamBridgess/homomorphicEncryption/keys_load.go:73.54,79.2 2 0
github.com/SamBridgess/homomorphicEncryption/keys_load.go:82.65,88.2 2 0
github.com/SamBridgess/homomorphicEncryption/keys_load.go:92.65,93.61 1 0
github.com/SamBridgess/homomorphicEncryption/keys_load.go:93.61,96.3 2 0
github.com/SamBridgess/homomorphicEncryption/keys_load.go:96.8,99.3 2 0
github.com/SamBridgess/homomorphicEncryption/keys_load.go:100.2,100.29 1 0
github.com/SamBridgess/homomorphicEncryption/keys_load.go:105.72,109.16 3 0
github.com/SamBridgess/homomorphicEncryption/keys_load.go:110.12,113.17 3 0
github.com/SamBridgess/homomorphicEncryption/keys_load.go:113.17,114.14 1 0
github.com/SamBridgess/homomorphicEncryption/keys_load.go:116.3,117.17 2 0
github.com/SamBridgess/homomorphicEncryption/keys_load.go:117.17,118.14 1 0
github.com/SamBridgess/homomorphicEncryption/keys_load.go:120.3,120.49 1 0
github.com/SamBridgess/homomorphicEncryption/keys_load.go:121.11,124.17 3 0
github.com/SamBridgess/homomorphicEncryption/keys_load.go:124.17,125.14 1 0
github.com/SamBridgess/homomorphicEncryption/keys_load.go:127.3,128.17 2 0
github.com/SamBridgess/homomorphicEncryption/keys_load.go:128.17,129.14 1 0
github.com/SamBridgess/homomorphicEncryption/keys_load.go:131.3,131.48 1 0
github.com/SamBridgess/homomorphicEncryption/keys_load.go:132.10,133.30 1 0
github.com/SamBridgess/homomorphicEncryption/keys_load.go:138.61,140.16 2 0
github.com/SamBridgess/homomorphicEncryption/keys_load.go:140.16,141.13 1 0
github.com/SamBridgess/homomorphicEncryption/keys_load.go:144.2,144.16 1 0
github.com/SamBridgess/homomorphicEncryption/keys_load.go:145.12,147.17 2 0
github.com/SamBridgess/homomorphicEncryption/keys_load.go:147.17,148.14 1 0
github.com/SamBridgess/homomorphicEncryption/keys_load.go:150.3,150.46 1 0
github.com/SamBridgess/homomorphicEncryption/keys_load.go:151.11,153.17 2 0
github.com/SamBridgess/homomorphicEncryption/keys_load.go:153.17,154.14 1 0
github.com/SamBridgess/homomorphicEncryption/keys_load.go:156.3,156.45 1 0
github.com/SamBridgess/homomorphicEncryption/keys_load.go:157.10,158.30 1 0
github.com/SamBridgess/homomorphicEncryption/network.go:40.70,58.16 11 0
github.com/SamBridgess/homomorphicEncryption/network.go:58.16,59.56 1 0
github.com/SamBridgess/homomorphicEncryption/network.go:64.73,68.16 3 0
github.com/SamBridgess/homomorphicEncryption/network.go:68.16,70.3 1 0
github.com/SamBridgess/homomorphicEncryption/network.go:71.2,74.16 3 0
github.com/SamBridgess/homomorphicEncryption/network.go:74.16,76.3 1 0
github.com/SamBridgess/homomorphicEncryption/network.go:78.2,82.56 2 0
github.com/SamBridgess/homomorphicEncryption/network.go:82.56,84.3 1 0
github.com/SamBridgess/homomorphicEncryption/network.go:86.2,87.81 2 0
github.com/SamBridgess/homomorphicEncryption/network.go:87.81,89.3 1 0
github.com/SamBridgess/homomorphicEncryption/network.go:91.2,91.24 1 0
github.com/SamBridgess/homomorphicEncryption/network.go:95.71,99.16 3 0
github.com/SamBridgess/homomorphicEncryption/network.go:99.16,101.3 1 0
github.com/SamBridgess/homomorphicEncryption/network.go:102.2,105.16 3 0
github.com/SamBridgess/homomorphicEncryption/network.go:105.16,107.3 1 0
github.com/SamBridgess/homomorphicEncryption/network.go:109.2,113.56 2 0
github.com/SamBridgess/homomorphicEncryption/network.go:113.56,115.3 1 0
github.com/SamBridgess/homomorphicEncryption/network.go:117.2,118.79 2 0
github.com/SamBridgess/homomorphicEncryption/network.go:118.79,120.3 1 0
github.com/SamBridgess/homomorphicEncryption/network.go:122.2,122.23 1 0
github.com/SamBridgess/homomorphicEncryption/network.go:126.68,130.16 3 0
github.com/SamBridgess/homomorphicEncryption/network.go:130.16,132.3 1 0
github.com/SamBridgess/homomorphicEncryption/network.go:133.2,136.16 3 0
github.com/SamBridgess/homomorphicEncryption/network.go:136.16,138.3 1 0
github.com/SamBridgess/homomorphicEncryption/network.go:140.2,141.56 2 0
github.com/SamBridgess/homomorphicEncryption/network.go:141.56,143.3 1 0
github.com/SamBridgess/homomorphicEncryption/network.go:145.2,146.81 2 0
github.com/SamBridgess/homomorphicEncryption/network.go:146.81,148.3 1 0
github.com/SamBridgess/homomorphicEncryption/network.go:150.2,150.26 1 0
github.com/SamBridgess/homomorphicEncryption/network.go:154.67,158.16 3 0
github.com/SamBridgess/homomorphicEncryption/network.go:158.16,160.3 1 0
github.com/SamBridgess/homomorphicEncryption/network.go:161.2,164.16 3 0
github.com/SamBridgess/homomorphicEncryption/network.go:164.16,166.3 1 0
github.com/SamBridgess/homomorphicEncryption/network.go:168.2,169.56 2 0
github.com/SamBridgess/homomorphicEncryption/network.go:169.56,171.3 1 0
github.com/SamBridgess/homomorphicEncryption/network.go:173.2,174.80 2 0
github.com/SamBridgess/homomorphicEncryption/network.go:174.80,176.3 1 0
github.com/SamBridgess/homomorphicEncryption/network.go:178.2,178.25 1 0
github.com/SamBridgess/homomorphicEncryption/network.go:182.93,184.16 2 0
github.com/SamBridgess/homomorphicEncryption/network.go:184.16,186.3 1 0
github.com/SamBridgess/homomorphicEncryption/network.go:188.2,191.16 3 0
github.com/SamBridgess/homomorphicEncryption/network.go:191.16,193.3 1 0
github.com/SamBridgess/homomorphicEncryption/network.go:194.2,197.69 3 0
github.com/SamBridgess/homomorphicEncryption/network.go:197.69,199.3 1 0
github.com/SamBridgess/homomorphicEncryption/network.go:201.2,201.38 1 0
github.com/SamBridgess/homomorphicEncryption/network.go:205.90,207.16 2 0
github.com/SamBridgess/homomorphicEncryption/network.go:207.16,209.3 1 0
github.com/SamBridgess/homomorphicEncryption/network.go:211.2,214.16 3 0
github.com/SamBridgess/homomorphicEncryption/network.go:214.16,216.3 1 0
github.com/SamBridgess/homomorphicEncryption/network.go:217.2,220.69 3 0
github.com/SamBridgess/homomorphicEncryption/network.go:220.69,222.3 1 0
github.com/SamBridgess/homomorphicEncryption/network.go:224.2,224.38 1 0
github.com/SamBridgess/homomorphicEncryption/network.go:228.42,230.16 2 0
github.com/SamBridgess/homomorphicEncryption/network.go:230.16,233.3 2 0
github.com/SamBridgess/homomorphicEncryption/network.go:234.2,234.65 1 0
github.com/SamBridgess/homomorphicEncryption/network.go:238.41,240.16 2 0
github.com/SamBridgess/homomorphicEncryption/network.go:240.16,243.3 2 0
github.com/SamBridgess/homomorphicEncryption/network.go:244.2,244.64 1 0
github.com/SamBridgess/homomorphicEncryption/network.go:248.40,252.41 2 0
github.com/SamBridgess/homomorphicEncryption/network.go:252.41,255.3 2 0
github.com/SamBridgess/homomorphicEncryption/network.go:257.2,259.16 2 0
github.com/SamBridgess/homomorphicEncryption/network.go:259.16,262.3 2 0
github.com/SamBridgess/homomorphicEncryption/network.go:263.2,263.61 1 0
github.com/SamBridgess/homomorphicEncryption/network.go:267.39,271.41 2 0
github.com/SamBridgess/homomorphicEncryption/network.go:271.41,274.3 2 0
github.com/SamBridgess/homomorphicEncryption/network.go:276.2,278.16 2 0
github.com/SamBridgess/homomorphicEncryption/network.go:278.16,281.3 2 0
github.com/SamBridgess/homomorphicEncryption/network.go:282.2,282.61 1 0
github.com/SamBridgess/homomorphicEncryption/network.go:286.44,288.16 2 0
github.com/SamBridgess/homomorphicEncryption/network.go:288.16,291.3 2 0
github.com/SamBridgess/homomorphicEncryption/network.go:292.2,292.68 1 0
github.com/SamBridgess/homomorphicEncryption/network.go:296.43,298.16 2 0
github.com/SamBridgess/homomorphicEncryption/network.go:298.16,301.3 2 0
github.com/SamBridgess/homomorphicEncryption/network.go:302.2,302.67 1 0
github.com/SamBridgess/homomorphicEncryption/setup_client.go:14.135,23.2 7 0
github.com/SamBridgess/homomorphicEncryption/setup_server.go:15.75,19.16 4 0
github.com/SamBridgess/homomorphicEncryption/setup_server.go:19.16,20.13 1 0
github.com/SamBridgess/homomorphicEncryption/setup_server.go:22.2,24.40 3 0
github.com/SamBridgess/homomorphicEncryption/examples/server/server.go:17.13,48.2 14 0
github.com/SamBridgess/homomorphicEncryption/examples/server/server.go:62.3,65.16 3 0
github.com/SamBridgess/homomorphicEncryption/examples/server/server.go:65.16,67.3 1 0
github.com/SamBridgess/homomorphicEncryption/examples/server/server.go:68.2,84.16 3 0
github.com/SamBridgess/homomorphicEncryption/examples/server/server.go:84.16,86.3 1 0
github.com/SamBridgess/homomorphicEncryption/examples/client/client.go:25.13,35.16 7 0
github.com/SamBridgess/homomorphicEncryption/examples/client/client.go:35.16,37.3 1 0
github.com/SamBridgess/homomorphicEncryption/examples/client/client.go:39.2,62.71 23 0
github.com/SamBridgess/homomorphicEncryption/examples/client/client.go:65.98,67.16 2 0
github.com/SamBridgess/homomorphicEncryption/examples/client/client.go:67.16,69.3 1 0
github.com/SamBridgess/homomorphicEncryption/examples/client/client.go:70.2,71.16 2 0
github.com/SamBridgess/homomorphicEncryption/examples/client/client.go:71.16,73.3 1 0
github.com/SamBridgess/homomorphicEncryption/examples/client/client.go:74.2,74.90 1 0
github.com/SamBridgess/homomorphicEncryption/examples/client/client.go:76.72,78.16 2 0
github.com/SamBridgess/homomorphicEncryption/examples/client/client.go:78.16,80.3 1 0
github.com/SamBridgess/homomorphicEncryption/examples/client/client.go:81.2,82.16 2 0
github.com/SamBridgess/homomorphicEncryption/examples/client/client.go:82.16,84.3 1 0
github.com/SamBridgess/homomorphicEncryption/examples/client/client.go:85.2,85.90 1 0
github.com/SamBridgess/homomorphicEncryption/examples/client/client.go:87.86,89.16 2 0
github.com/SamBridgess/homomorphicEncryption/examples/client/client.go:89.16,91.3 1 0
github.com/SamBridgess/homomorphicEncryption/examples/client/client.go:92.2,93.16 2 0
github.com/SamBridgess/homomorphicEncryption/examples/client/client.go:93.16,95.3 1 0
github.com/SamBridgess/homomorphicEncryption/examples/client/client.go:96.2,96.90 1 0
github.com/SamBridgess/homomorphicEncryption/examples/client/client.go:98.82,100.16 2 0
github.com/SamBridgess/homomorphicEncryption/examples/client/client.go:100.16,102.3 1 0
github.com/SamBridgess/homomorphicEncryption/examples/client/client.go:103.2,104.16 2 0
github.com/SamBridgess/homomorphicEncryption/examples/client/client.go:104.16,106.3 1 0
github.com/SamBridgess/homomorphicEncryption/examples/client/client.go:107.2,107.90 1 0
github.com/SamBridgess/homomorphicEncryption/examples/client/client.go:109.100,111.16 2 0
github.com/SamBridgess/homomorphicEncryption/examples/client/client.go:111.16,113.3 1 0
github.com/SamBridgess/homomorphicEncryption/examples/client/client.go:114.2,115.16 2 0
github.com/SamBridgess/homomorphicEncryption/examples/client/client.go:115.16,117.3 1 0
github.com/SamBridgess/homomorphicEncryption/examples/client/client.go:118.2,118.90 1 0
github.com/SamBridgess/homomorphicEncryption/examples/client/client.go:120.100,122.16 2 0
github.com/SamBridgess/homomorphicEncryption/examples/client/client.go:122.16,124.3 1 0
github.com/SamBridgess/homomorphicEncryption/examples/client/client.go:125.2,126.16 2 0
github.com/SamBridgess/homomorphicEncryption/examples/client/client.go:126.16,128.3 1 0
github.com/SamBridgess/homomorphicEncryption/examples/client/client.go:129.2,129.90 1 0
github.com/SamBridgess/homomorphicEncryption/examples/client/client.go:131.139,133.16 2 0
github.com/SamBridgess/homomorphicEncryption/examples/client/client.go:133.16,135.3 1 0
github.com/SamBridgess/homomorphicEncryption/examples/client/client.go:137.2,138.30 2 0
github.com/SamBridgess/homomorphicEncryption/examples/client/client.go:138.30,140.17 2 0
github.com/SamBridgess/homomorphicEncryption/examples/client/client.go:140.17,142.4 1 0
github.com/SamBridgess/homomorphicEncryption/examples/client/client.go:143.3,143.46 1 0
github.com/SamBridgess/homomorphicEncryption/examples/client/client.go:146.2,146.83 1 0
github.com/SamBridgess/homomorphicEncryption/examples/client/client.go:149.95,151.16 2 0
github.com/SamBridgess/homomorphicEncryption/examples/client/client.go:151.16,153.3 1 0
github.com/SamBridgess/homomorphicEncryption/examples/client/client.go:154.2,155.16 2 0
github.com/SamBridgess/homomorphicEncryption/examples/client/client.go:155.16,157.3 1 0
github.com/SamBridgess/homomorphicEncryption/examples/client/client.go:158.2,158.89 1 0
github.com/SamBridgess/homomorphicEncryption/examples/client/client.go:160.84,162.16 2 0
github.com/SamBridgess/homomorphicEncryption/examples/client/client.go:162.16,164.3 1 0
github.com/SamBridgess/homomorphicEncryption/examples/client/client.go:165.2,166.16 2 0
github.com/SamBridgess/homomorphicEncryption/examples/client/client.go:166.16,168.3 1 0
github.com/SamBridgess/homomorphicEncryption/examples/client/client.go:169.2,169.89 1 0
github.com/SamBridgess/homomorphicEncryption/examples/client/client.go:171.80,173.16 2 0
github.com/SamBridgess/homomorphicEncryption/examples/client/client.go:173.16,175.3 1 0
github.com/SamBridgess/homomorphicEncryption/examples/client/client.go:176.2,177.16 2 0
github.com/SamBridgess/homomorphicEncryption/examples/client/client.go:177.16,179.3 1 0
github.com/SamBridgess/homomorphicEncryption/examples/client/client.go:180.2,180.89 1 0
github.com/SamBridgess/homomorphicEncryption/examples/client/client.go:183.44,188.2 4 0
github.com/SamBridgess/homomorphicEncryption/examples/client/client.go:190.42,193.16 3 0
github.com/SamBridgess/homomorphicEncryption/examples/client/client.go:193.16,195.3 1 0
github.com/SamBridgess/homomorphicEncryption/examples/client/client.go:196.2,212.16 5 0
github.com/SamBridgess/homomorphicEncryption/examples/client/client.go:212.16,214.3 1 0
github.com/SamBridgess/homomorphicEncryption/examples/client/client.go:215.2,215.62 1 0
github.com/SamBridgess/homomorphicEncryption/bfv_encryption.go:8.45,18.2 6 1
github.com/SamBridgess/homomorphicEncryption/bfv_encryption.go:21.45,25.16 4 1
github.com/SamBridgess/homomorphicEncryption/bfv_encryption.go:25.16,27.3 1 1
github.com/SamBridgess/homomorphicEncryption/bfv_encryption.go:29.2,33.24 4 1
github.com/SamBridgess/homomorphicEncryption/ckks_encryption.go:8.48,17.2 6 1
github.com/SamBridgess/homomorphicEncryption/ckks_encryption.go:20.48,24.16 4 1
github.com/SamBridgess/homomorphicEncryption/ckks_encryption.go:24.16,26.3 1 1
github.com/SamBridgess/homomorphicEncryption/ckks_encryption.go:28.2,32.30 4 1
github.com/SamBridgess/homomorphicEncryption/db_connection.go:18.111,27.2 2 1
github.com/SamBridgess/homomorphicEncryption/db_connection.go:30.61,33.2 2 1
github.com/SamBridgess/homomorphicEncryption/keys_load.go:39.28,41.2 1 1
github.com/SamBridgess/homomorphicEncryption/keys_load.go:44.27,46.2 1 1
github.com/SamBridgess/homomorphicEncryption/keys_load.go:48.41,49.16 1 1
github.com/SamBridgess/homomorphicEncryption/keys_load.go:50.12,54.48 2 1
github.com/SamBridgess/homomorphicEncryption/keys_load.go:55.11,59.47 2 1
github.com/SamBridgess/homomorphicEncryption/keys_load.go:60.10,61.30 1 0
github.com/SamBridgess/homomorphicEncryption/keys_load.go:65.55,71.2 2 1
github.com/SamBridgess/homomorphicEncryption/keys_load.go:73.54,79.2 2 1
github.com/SamBridgess/homomorphicEncryption/keys_load.go:82.65,88.2 2 1
github.com/SamBridgess/homomorphicEncryption/keys_load.go:92.65,93.61 1 1
github.com/SamBridgess/homomorphicEncryption/keys_load.go:93.61,96.3 2 1
github.com/SamBridgess/homomorphicEncryption/keys_load.go:96.8,99.3 2 1
github.com/SamBridgess/homomorphicEncryption/keys_load.go:100.2,100.29 1 1
github.com/SamBridgess/homomorphicEncryption/keys_load.go:105.72,109.16 3 1
github.com/SamBridgess/homomorphicEncryption/keys_load.go:110.12,113.17 3 1
github.com/SamBridgess/homomorphicEncryption/keys_load.go:113.17,114.14 1 0
github.com/SamBridgess/homomorphicEncryption/keys_load.go:116.3,117.17 2 1
github.com/SamBridgess/homomorphicEncryption/keys_load.go:117.17,118.14 1 0
github.com/SamBridgess/homomorphicEncryption/keys_load.go:120.3,120.49 1 1
github.com/SamBridgess/homomorphicEncryption/keys_load.go:121.11,124.17 3 1
github.com/SamBridgess/homomorphicEncryption/keys_load.go:124.17,125.14 1 0
github.com/SamBridgess/homomorphicEncryption/keys_load.go:127.3,128.17 2 1
github.com/SamBridgess/homomorphicEncryption/keys_load.go:128.17,129.14 1 0
github.com/SamBridgess/homomorphicEncryption/keys_load.go:131.3,131.48 1 1
github.com/SamBridgess/homomorphicEncryption/keys_load.go:132.10,133.30 1 0
github.com/SamBridgess/homomorphicEncryption/keys_load.go:138.61,140.16 2 1
github.com/SamBridgess/homomorphicEncryption/keys_load.go:140.16,141.13 1 0
github.com/SamBridgess/homomorphicEncryption/keys_load.go:144.2,144.16 1 1
github.com/SamBridgess/homomorphicEncryption/keys_load.go:145.12,147.17 2 1
github.com/SamBridgess/homomorphicEncryption/keys_load.go:147.17,148.14 1 0
github.com/SamBridgess/homomorphicEncryption/keys_load.go:150.3,150.46 1 1
github.com/SamBridgess/homomorphicEncryption/keys_load.go:151.11,153.17 2 1
github.com/SamBridgess/homomorphicEncryption/keys_load.go:153.17,154.14 1 0
github.com/SamBridgess/homomorphicEncryption/keys_load.go:156.3,156.45 1 1
github.com/SamBridgess/homomorphicEncryption/keys_load.go:157.10,158.30 1 0
github.com/SamBridgess/homomorphicEncryption/network.go:40.70,58.16 11 0
github.com/SamBridgess/homomorphicEncryption/network.go:58.16,59.56 1 0
github.com/SamBridgess/homomorphicEncryption/network.go:64.73,68.16 3 0
github.com/SamBridgess/homomorphicEncryption/network.go:68.16,70.3 1 0
github.com/SamBridgess/homomorphicEncryption/network.go:71.2,74.16 3 0
github.com/SamBridgess/homomorphicEncryption/network.go:74.16,76.3 1 0
github.com/SamBridgess/homomorphicEncryption/network.go:78.2,82.56 2 0
github.com/SamBridgess/homomorphicEncryption/network.go:82.56,84.3 1 0
github.com/SamBridgess/homomorphicEncryption/network.go:86.2,87.81 2 0
github.com/SamBridgess/homomorphicEncryption/network.go:87.81,89.3 1 0
github.com/SamBridgess/homomorphicEncryption/network.go:91.2,91.24 1 0
github.com/SamBridgess/homomorphicEncryption/network.go:95.71,99.16 3 0
github.com/SamBridgess/homomorphicEncryption/network.go:99.16,101.3 1 0
github.com/SamBridgess/homomorphicEncryption/network.go:102.2,105.16 3 0
github.com/SamBridgess/homomorphicEncryption/network.go:105.16,107.3 1 0
github.com/SamBridgess/homomorphicEncryption/network.go:109.2,113.56 2 0
github.com/SamBridgess/homomorphicEncryption/network.go:113.56,115.3 1 0
github.com/SamBridgess/homomorphicEncryption/network.go:117.2,118.79 2 0
github.com/SamBridgess/homomorphicEncryption/network.go:118.79,120.3 1 0
github.com/SamBridgess/homomorphicEncryption/network.go:122.2,122.23 1 0
github.com/SamBridgess/homomorphicEncryption/network.go:126.68,130.16 3 0
github.com/SamBridgess/homomorphicEncryption/network.go:130.16,132.3 1 0
github.com/SamBridgess/homomorphicEncryption/network.go:133.2,136.16 3 0
github.com/SamBridgess/homomorphicEncryption/network.go:136.16,138.3 1 0
github.com/SamBridgess/homomorphicEncryption/network.go:140.2,141.56 2 0
github.com/SamBridgess/homomorphicEncryption/network.go:141.56,143.3 1 0
github.com/SamBridgess/homomorphicEncryption/network.go:145.2,146.81 2 0
github.com/SamBridgess/homomorphicEncryption/network.go:146.81,148.3 1 0
github.com/SamBridgess/homomorphicEncryption/network.go:150.2,150.26 1 0
github.com/SamBridgess/homomorphicEncryption/network.go:154.67,158.16 3 0
github.com/SamBridgess/homomorphicEncryption/network.go:158.16,160.3 1 0
github.com/SamBridgess/homomorphicEncryption/network.go:161.2,164.16 3 0
github.com/SamBridgess/homomorphicEncryption/network.go:164.16,166.3 1 0
github.com/SamBridgess/homomorphicEncryption/network.go:168.2,169.56 2 0
github.com/SamBridgess/homomorphicEncryption/network.go:169.56,171.3 1 0
github.com/SamBridgess/homomorphicEncryption/network.go:173.2,174.80 2 0
github.com/SamBridgess/homomorphicEncryption/network.go:174.80,176.3 1 0
github.com/SamBridgess/homomorphicEncryption/network.go:178.2,178.25 1 0
github.com/SamBridgess/homomorphicEncryption/network.go:182.93,184.16 2 1
github.com/SamBridgess/homomorphicEncryption/network.go:184.16,186.3 1 0
github.com/SamBridgess/homomorphicEncryption/network.go:188.2,191.16 3 1
github.com/SamBridgess/homomorphicEncryption/network.go:191.16,193.3 1 0
github.com/SamBridgess/homomorphicEncryption/network.go:194.2,197.69 3 1
github.com/SamBridgess/homomorphicEncryption/network.go:197.69,199.3 1 0
github.com/SamBridgess/homomorphicEncryption/network.go:201.2,201.38 1 1
github.com/SamBridgess/homomorphicEncryption/network.go:205.90,207.16 2 1
github.com/SamBridgess/homomorphicEncryption/network.go:207.16,209.3 1 0
github.com/SamBridgess/homomorphicEncryption/network.go:211.2,214.16 3 1
github.com/SamBridgess/homomorphicEncryption/network.go:214.16,216.3 1 0
github.com/SamBridgess/homomorphicEncryption/network.go:217.2,220.69 3 1
github.com/SamBridgess/homomorphicEncryption/network.go:220.69,222.3 1 0
github.com/SamBridgess/homomorphicEncryption/network.go:224.2,224.38 1 1
github.com/SamBridgess/homomorphicEncryption/network.go:228.42,230.16 2 0
github.com/SamBridgess/homomorphicEncryption/network.go:230.16,233.3 2 0
github.com/SamBridgess/homomorphicEncryption/network.go:234.2,234.65 1 0
github.com/SamBridgess/homomorphicEncryption/network.go:238.41,240.16 2 0
github.com/SamBridgess/homomorphicEncryption/network.go:240.16,243.3 2 0
github.com/SamBridgess/homomorphicEncryption/network.go:244.2,244.64 1 0
github.com/SamBridgess/homomorphicEncryption/network.go:248.40,252.41 2 0
github.com/SamBridgess/homomorphicEncryption/network.go:252.41,255.3 2 0
github.com/SamBridgess/homomorphicEncryption/network.go:257.2,259.16 2 0
github.com/SamBridgess/homomorphicEncryption/network.go:259.16,262.3 2 0
github.com/SamBridgess/homomorphicEncryption/network.go:263.2,263.61 1 0
github.com/SamBridgess/homomorphicEncryption/network.go:267.39,271.41 2 0
github.com/SamBridgess/homomorphicEncryption/network.go:271.41,274.3 2 0
github.com/SamBridgess/homomorphicEncryption/network.go:276.2,278.16 2 0
github.com/SamBridgess/homomorphicEncryption/network.go:278.16,281.3 2 0
github.com/SamBridgess/homomorphicEncryption/network.go:282.2,282.61 1 0
github.com/SamBridgess/homomorphicEncryption/network.go:286.44,288.16 2 0
github.com/SamBridgess/homomorphicEncryption/network.go:288.16,291.3 2 0
github.com/SamBridgess/homomorphicEncryption/network.go:292.2,292.68 1 0
github.com/SamBridgess/homomorphicEncryption/network.go:296.43,298.16 2 0
github.com/SamBridgess/homomorphicEncryption/network.go:298.16,301.3 2 0
github.com/SamBridgess/homomorphicEncryption/network.go:302.2,302.67 1 0
github.com/SamBridgess/homomorphicEncryption/setup_client.go:14.135,23.2 7 1
github.com/SamBridgess/homomorphicEncryption/setup_server.go:15.75,19.16 4 1
github.com/SamBridgess/homomorphicEncryption/setup_server.go:19.16,20.13 1 0
github.com/SamBridgess/homomorphicEncryption/setup_server.go:22.2,24.40 3 1
github.com/SamBridgess/homomorphicEncryption/bfvMath/bfv_math.go:17.81,20.16 3 1
github.com/SamBridgess/homomorphicEncryption/bfvMath/bfv_math.go:20.16,22.3 1 1
github.com/SamBridgess/homomorphicEncryption/bfvMath/bfv_math.go:23.2,23.24 1 1
github.com/SamBridgess/homomorphicEncryption/bfvMath/bfv_math.go:28.76,31.16 3 1
github.com/SamBridgess/homomorphicEncryption/bfvMath/bfv_math.go:31.16,33.3 1 1
github.com/SamBridgess/homomorphicEncryption/bfvMath/bfv_math.go:34.2,34.57 1 1
github.com/SamBridgess/homomorphicEncryption/bfvMath/bfv_math.go:39.82,41.16 2 1
github.com/SamBridgess/homomorphicEncryption/bfvMath/bfv_math.go:41.16,43.3 1 1
github.com/SamBridgess/homomorphicEncryption/bfvMath/bfv_math.go:45.2,45.73 1 1
github.com/SamBridgess/homomorphicEncryption/bfvMath/bfv_math.go:50.71,52.16 2 1
github.com/SamBridgess/homomorphicEncryption/bfvMath/bfv_math.go:52.16,54.3 1 1
github.com/SamBridgess/homomorphicEncryption/bfvMath/bfv_math.go:56.2,57.16 2 1
github.com/SamBridgess/homomorphicEncryption/bfvMath/bfv_math.go:57.16,59.3 1 1
github.com/SamBridgess/homomorphicEncryption/bfvMath/bfv_math.go:61.2,61.69 1 1
github.com/SamBridgess/homomorphicEncryption/bfvMath/bfv_math.go:66.76,68.16 2 1
github.com/SamBridgess/homomorphicEncryption/bfvMath/bfv_math.go:68.16,70.3 1 1
github.com/SamBridgess/homomorphicEncryption/bfvMath/bfv_math.go:72.2,73.16 2 1
github.com/SamBridgess/homomorphicEncryption/bfvMath/bfv_math.go:73.16,75.3 1 1
github.com/SamBridgess/homomorphicEncryption/bfvMath/bfv_math.go:77.2,77.69 1 1
github.com/SamBridgess/homomorphicEncryption/bfvMath/bfv_math.go:82.72,84.16 2 1
github.com/SamBridgess/homomorphicEncryption/bfvMath/bfv_math.go:84.16,86.3 1 1
github.com/SamBridgess/homomorphicEncryption/bfvMath/bfv_math.go:88.2,89.16 2 1
github.com/SamBridgess/homomorphicEncryption/bfvMath/bfv_math.go:89.16,91.3 1 1
github.com/SamBridgess/homomorphicEncryption/bfvMath/bfv_math.go:93.2,93.69 1 1
github.com/SamBridgess/homomorphicEncryption/bfvMath/bfv_math_highlevel.go:11.60,12.34 1 1
github.com/SamBridgess/homomorphicEncryption/bfvMath/bfv_math_highlevel.go:12.34,14.3 1 1
github.com/SamBridgess/homomorphicEncryption/bfvMath/bfv_math_highlevel.go:16.2,17.16 2 1
github.com/SamBridgess/homomorphicEncryption/bfvMath/bfv_math_highlevel.go:17.16,19.3 1 1
github.com/SamBridgess/homomorphicEncryption/bfvMath/bfv_math_highlevel.go:21.2,21.51 1 1
github.com/SamBridgess/homomorphicEncryption/bfvMath/bfv_math_highlevel.go:21.51,27.17 4 1
github.com/SamBridgess/homomorphicEncryption/bfvMath/bfv_math_highlevel.go:27.17,29.4 1 0
github.com/SamBridgess/homomorphicEncryption/bfvMath/bfv_math_highlevel.go:32.2,32.38 1 1
github.com/SamBridgess/homomorphicEncryption/ckksMath/ckks_math.go:18.82,21.16 3 1
github.com/SamBridgess/homomorphicEncryption/ckksMath/ckks_math.go:21.16,23.3 1 1
github.com/SamBridgess/homomorphicEncryption/ckksMath/ckks_math.go:24.2,24.24 1 1
github.com/SamBridgess/homomorphicEncryption/ckksMath/ckks_math.go:29.77,31.16 2 1
github.com/SamBridgess/homomorphicEncryption/ckksMath/ckks_math.go:31.16,33.3 1 1
github.com/SamBridgess/homomorphicEncryption/ckksMath/ckks_math.go:34.2,34.58 1 1
github.com/SamBridgess/homomorphicEncryption/ckksMath/ckks_math.go:39.71,41.16 2 1
github.com/SamBridgess/homomorphicEncryption/ckksMath/ckks_math.go:41.16,43.3 1 1
github.com/SamBridgess/homomorphicEncryption/ckksMath/ckks_math.go:45.2,45.72 1 1
github.com/SamBridgess/homomorphicEncryption/ckksMath/ckks_math.go:50.76,52.16 2 1
github.com/SamBridgess/homomorphicEncryption/ckksMath/ckks_math.go:52.16,54.3 1 1
github.com/SamBridgess/homomorphicEncryption/ckksMath/ckks_math.go:56.2,56.73 1 1
github.com/SamBridgess/homomorphicEncryption/ckksMath/ckks_math.go:61.75,63.16 2 1
github.com/SamBridgess/homomorphicEncryption/ckksMath/ckks_math.go:63.16,65.3 1 1
github.com/SamBridgess/homomorphicEncryption/ckksMath/ckks_math.go:67.2,67.76 1 1
github.com/SamBridgess/homomorphicEncryption/ckksMath/ckks_math.go:73.93,75.16 2 1
github.com/SamBridgess/homomorphicEncryption/ckksMath/ckks_math.go:75.16,77.3 1 1
github.com/SamBridgess/homomorphicEncryption/ckksMath/ckks_math.go:79.2,79.91 1 1
github.com/SamBridgess/homomorphicEncryption/ckksMath/ckks_math.go:84.71,86.16 2 1
github.com/SamBridgess/homomorphicEncryption/ckksMath/ckks_math.go:86.16,88.3 1 1
github.com/SamBridgess/homomorphicEncryption/ckksMath/ckks_math.go:90.2,91.16 2 1
github.com/SamBridgess/homomorphicEncryption/ckksMath/ckks_math.go:91.16,93.3 1 1
github.com/SamBridgess/homomorphicEncryption/ckksMath/ckks_math.go:95.2,95.70 1 1
github.com/SamBridgess/homomorphicEncryption/ckksMath/ckks_math.go:100.76,102.16 2 1
github.com/SamBridgess/homomorphicEncryption/ckksMath/ckks_math.go:102.16,104.3 1 1
github.com/SamBridgess/homomorphicEncryption/ckksMath/ckks_math.go:106.2,107.16 2 1
github.com/SamBridgess/homomorphicEncryption/ckksMath/ckks_math.go:107.16,109.3 1 1
github.com/SamBridgess/homomorphicEncryption/ckksMath/ckks_math.go:111.2,111.70 1 1
github.com/SamBridgess/homomorphicEncryption/ckksMath/ckks_math.go:116.72,118.16 2 1
github.com/SamBridgess/homomorphicEncryption/ckksMath/ckks_math.go:118.16,120.3 1 1
github.com/SamBridgess/homomorphicEncryption/ckksMath/ckks_math.go:122.2,123.16 2 1
github.com/SamBridgess/homomorphicEncryption/ckksMath/ckks_math.go:123.16,125.3 1 1
github.com/SamBridgess/homomorphicEncryption/ckksMath/ckks_math.go:127.2,127.70 1 1
github.com/SamBridgess/homomorphicEncryption/ckksMath/ckks_math.go:132.49,134.16 2 1
github.com/SamBridgess/homomorphicEncryption/ckksMath/ckks_math.go:134.16,136.3 1 1
github.com/SamBridgess/homomorphicEncryption/ckksMath/ckks_math.go:138.2,138.69 1 1
github.com/SamBridgess/homomorphicEncryption/ckksMath/ckks_math_highlevel.go:13.60,14.34 1 1
github.com/SamBridgess/homomorphicEncryption/ckksMath/ckks_math_highlevel.go:14.34,16.3 1 1
github.com/SamBridgess/homomorphicEncryption/ckksMath/ckks_math_highlevel.go:18.2,19.16 2 1
github.com/SamBridgess/homomorphicEncryption/ckksMath/ckks_math_highlevel.go:19.16,21.3 1 1
github.com/SamBridgess/homomorphicEncryption/ckksMath/ckks_math_highlevel.go:23.2,23.51 1 1
github.com/SamBridgess/homomorphicEncryption/ckksMath/ckks_math_highlevel.go:23.51,25.17 2 1
github.com/SamBridgess/homomorphicEncryption/ckksMath/ckks_math_highlevel.go:25.17,27.4 1 0
github.com/SamBridgess/homomorphicEncryption/ckksMath/ckks_math_highlevel.go:29.3,29.62 1 1
github.com/SamBridgess/homomorphicEncryption/ckksMath/ckks_math_highlevel.go:32.2,32.38 1 1
github.com/SamBridgess/homomorphicEncryption/ckksMath/ckks_math_highlevel.go:36.61,38.16 2 1
github.com/SamBridgess/homomorphicEncryption/ckksMath/ckks_math_highlevel.go:38.16,40.3 1 1
github.com/SamBridgess/homomorphicEncryption/ckksMath/ckks_math_highlevel.go:42.2,43.16 2 1
github.com/SamBridgess/homomorphicEncryption/ckksMath/ckks_math_highlevel.go:43.16,45.3 1 0
github.com/SamBridgess/homomorphicEncryption/ckksMath/ckks_math_highlevel.go:47.2,47.103 1 1
github.com/SamBridgess/homomorphicEncryption/ckksMath/ckks_math_highlevel.go:52.83,55.38 3 1
github.com/SamBridgess/homomorphicEncryption/ckksMath/ckks_math_highlevel.go:55.38,58.17 3 1
github.com/SamBridgess/homomorphicEncryption/ckksMath/ckks_math_highlevel.go:58.17,60.4 1 1
github.com/SamBridgess/homomorphicEncryption/ckksMath/ckks_math_highlevel.go:62.2,62.15 1 1
github.com/SamBridgess/homomorphicEncryption/ckksMath/ckks_math_highlevel.go:66.60,67.34 1 1
github.com/SamBridgess/homomorphicEncryption/ckksMath/ckks_math_highlevel.go:67.34,69.3 1 1
github.com/SamBridgess/homomorphicEncryption/ckksMath/ckks_math_highlevel.go:71.2,72.16 2 1
github.com/SamBridgess/homomorphicEncryption/ckksMath/ckks_math_highlevel.go:72.16,74.3 1 1
github.com/SamBridgess/homomorphicEncryption/ckksMath/ckks_math_highlevel.go:76.2,77.16 2 1
github.com/SamBridgess/homomorphicEncryption/ckksMath/ckks_math_highlevel.go:77.16,79.3 1 0
github.com/SamBridgess/homomorphicEncryption/ckksMath/ckks_math_highlevel.go:81.2,81.51 1 1
github.com/SamBridgess/homomorphicEncryption/ckksMath/ckks_math_highlevel.go:81.51,83.17 2 1
github.com/SamBridgess/homomorphicEncryption/ckksMath/ckks_math_highlevel.go:83.17,85.4 1 0
github.com/SamBridgess/homomorphicEncryption/ckksMath/ckks_math_highlevel.go:87.3,88.17 2 1
github.com/SamBridgess/homomorphicEncryption/ckksMath/ckks_math_highlevel.go:88.17,90.4 1 0
github.com/SamBridgess/homomorphicEncryption/ckksMath/ckks_math_highlevel.go:92.3,93.17 2 1
github.com/SamBridgess/homomorphicEncryption/ckksMath/ckks_math_highlevel.go:93.17,95.4 1 0
github.com/SamBridgess/homomorphicEncryption/ckksMath/ckks_math_highlevel.go:97.3,99.65 2 1
github.com/SamBridgess/homomorphicEncryption/ckksMath/ckks_math_highlevel.go:102.2,104.16 3 1
github.com/SamBridgess/homomorphicEncryption/ckksMath/ckks_math_highlevel.go:104.16,106.3 1 0
github.com/SamBridgess/homomorphicEncryption/ckksMath/ckks_math_highlevel.go:108.2,108.20 1 1
github.com/SamBridgess/homomorphicEncryption/ckksMath/ckks_math_highlevel.go:112.93,113.58 1 1
github.com/SamBridgess/homomorphicEncryption/ckksMath/ckks_math_highlevel.go:113.58,115.3 1 1
github.com/SamBridgess/homomorphicEncryption/ckksMath/ckks_math_highlevel.go:116.2,116.68 1 1
github.com/SamBridgess/homomorphicEncryption/ckksMath/ckks_math_highlevel.go:116.68,118.3 1 1
github.com/SamBridgess/homomorphicEncryption/ckksMath/ckks_math_highlevel.go:120.2,121.16 2 1
github.com/SamBridgess/homomorphicEncryption/ckksMath/ckks_math_highlevel.go:121.16,123.3 1 1
github.com/SamBridgess/homomorphicEncryption/ckksMath/ckks_math_highlevel.go:125.2,126.16 2 1
github.com/SamBridgess/homomorphicEncryption/ckksMath/ckks_math_highlevel.go:126.16,128.3 1 0
github.com/SamBridgess/homomorphicEncryption/ckksMath/ckks_math_highlevel.go:130.2,131.16 2 1
github.com/SamBridgess/homomorphicEncryption/ckksMath/ckks_math_highlevel.go:131.16,133.3 1 0
github.com/SamBridgess/homomorphicEncryption/ckksMath/ckks_math_highlevel.go:135.2,135.48 1 1
github.com/SamBridgess/homomorphicEncryption/ckksMath/ckks_math_highlevel.go:135.48,137.17 2 1
github.com/SamBridgess/homomorphicEncryption/ckksMath/ckks_math_highlevel.go:137.17,139.4 1 0
github.com/SamBridgess/homomorphicEncryption/ckksMath/ckks_math_highlevel.go:141.3,142.17 2 1
github.com/SamBridgess/homomorphicEncryption/ckksMath/ckks_math_highlevel.go:142.17,144.4 1 0
github.com/SamBridgess/homomorphicEncryption/ckksMath/ckks_math_highlevel.go:146.3,147.17 2 1
github.com/SamBridgess/homomorphicEncryption/ckksMath/ckks_math_highlevel.go:147.17,149.4 1 0
github.com/SamBridgess/homomorphicEncryption/ckksMath/ckks_math_highlevel.go:151.3,152.17 2 1
github.com/SamBridgess/homomorphicEncryption/ckksMath/ckks_math_highlevel.go:152.17,154.4 1 0
github.com/SamBridgess/homomorphicEncryption/ckksMath/ckks_math_highlevel.go:156.3,158.66 2 1
github.com/SamBridgess/homomorphicEncryption/ckksMath/ckks_math_highlevel.go:161.2,163.16 3 1
github.com/SamBridgess/homomorphicEncryption/ckksMath/ckks_math_highlevel.go:163.16,165.3 1 0
github.com/SamBridgess/homomorphicEncryption/ckksMath/ckks_math_highlevel.go:167.2,167.20 1 1
github.com/SamBridgess/homomorphicEncryption/ckksMath/ckks_math_highlevel.go:172.94,174.16 2 1
github.com/SamBridgess/homomorphicEncryption/ckksMath/ckks_math_highlevel.go:174.16,176.3 1 1
github.com/SamBridgess/homomorphicEncryption/ckksMath/ckks_math_highlevel.go:178.2,179.16 2 1
github.com/SamBridgess/homomorphicEncryption/ckksMath/ckks_math_highlevel.go:179.16,181.3 1 0
github.com/SamBridgess/homomorphicEncryption/ckksMath/ckks_math_highlevel.go:183.2,183.31 1 1
github.com/SamBridgess/homomorphicEncryption/ckksMath/ckks_math_highlevel.go:189.103,191.16 2 1
github.com/SamBridgess/homomorphicEncryption/ckksMath/ckks_math_highlevel.go:191.16,193.3 1 1
github.com/SamBridgess/homomorphicEncryption/ckksMath/ckks_math_highlevel.go:195.2,196.16 2 1
github.com/SamBridgess/homomorphicEncryption/ckksMath/ckks_math_highlevel.go:196.16,198.3 1 0
github.com/SamBridgess/homomorphicEncryption/ckksMath/ckks_math_highlevel.go:200.2,201.16 2 1
github.com/SamBridgess/homomorphicEncryption/ckksMath/ckks_math_highlevel.go:201.16,203.3 1 0
github.com/SamBridgess/homomorphicEncryption/ckksMath/ckks_math_highlevel.go:204.2,207.16 3 1
github.com/SamBridgess/homomorphicEncryption/ckksMath/ckks_math_highlevel.go:207.16,209.3 1 0
github.com/SamBridgess/homomorphicEncryption/ckksMath/ckks_math_highlevel.go:211.2,212.16 2 1
github.com/SamBridgess/homomorphicEncryption/ckksMath/ckks_math_highlevel.go:212.16,214.3 1 0
github.com/SamBridgess/homomorphicEncryption/ckksMath/ckks_math_highlevel.go:216.2,216.30 1 1
